<?xml version="1.0" encoding="UTF-8"?>
<!-- Generated by org.testng.reporters.JUnitReportReporter -->
<testsuite hostname="DESKTOP-0MCPRRL" failures="0" tests="3" name="API.demo" time="8.276" errors="0" timestamp="2021-12-01T12:03:24 IST" skipped="0">
  <testcase classname="API.demo" name="createboard" time="6.048"/>
  <system-out/>
  <testcase classname="API.demo" name="getboard" time="1.025"/>
  <system-out/>
  <testcase classname="API.demo" name="deleteboard" time="1.203"/>
  <system-out/>
</testsuite> <!-- API.demo -->
