<?xml version="1.0" encoding="UTF-8"?>
<!-- Generated by org.testng.reporters.JUnitReportReporter -->
<testsuite hostname="DESKTOP-0MCPRRL" failures="0" tests="1" name="APITest.Demo_TestNG" time="0.002" errors="0" timestamp="25 Nov 2021 09:51:10 GMT">
  <testcase classname="APITest.Demo_TestNG" name="testcase1" time="0.002"/>
</testsuite> <!-- APITest.Demo_TestNG -->
